2023-10-02T12:15:38.245+0200 INFO Starting SincronoApplication using Java 17.0.7 with PID 10656 (C:\Users\SINCRONO\Documents\GitHub\Sincrono\target\classes started by SINCRONO in C:\Users\SINCRONO\Documents\GitHub\Sincrono)
2023-10-02T12:15:38.264+0200 INFO No active profile set, falling back to 1 default profile: "default"
2023-10-02T12:15:39.329+0200 INFO Bootstrapping Spring Data JPA repositories in DEFAULT mode.
2023-10-02T12:15:39.520+0200 INFO Finished Spring Data repository scanning in 177 ms. Found 13 JPA repository interfaces.
2023-10-02T12:15:40.278+0200 INFO Tomcat initialized with port(s): 8085 (http)
2023-10-02T12:15:40.301+0200 INFO Initializing ProtocolHandler ["http-nio-8085"]
2023-10-02T12:15:40.305+0200 INFO Starting service [Tomcat]
2023-10-02T12:15:40.306+0200 INFO Starting Servlet engine: [Apache Tomcat/10.1.8]
2023-10-02T12:15:40.422+0200 INFO Initializing Spring embedded WebApplicationContext
2023-10-02T12:15:40.422+0200 INFO Root WebApplicationContext: initialization completed in 2048 ms
2023-10-02T12:15:40.673+0200 INFO HHH000204: Processing PersistenceUnitInfo [name: default]
2023-10-02T12:15:40.755+0200 INFO HHH000412: Hibernate ORM core version 6.1.7.Final
2023-10-02T12:15:41.196+0200 INFO HikariPool-1 - Starting...
2023-10-02T12:15:41.737+0200 INFO HikariPool-1 - Added connection com.mysql.cj.jdbc.ConnectionImpl@1d1c63af
2023-10-02T12:15:41.741+0200 INFO HikariPool-1 - Start completed.
2023-10-02T12:15:41.836+0200 INFO HHH000400: Using dialect: org.hibernate.dialect.MySQLDialect
2023-10-02T12:15:43.712+0200 INFO HHH000490: Using JtaPlatform implementation: [org.hibernate.engine.transaction.jta.platform.internal.NoJtaPlatform]
2023-10-02T12:15:43.727+0200 INFO Initialized JPA EntityManagerFactory for persistence unit 'default'
2023-10-02T12:15:45.508+0200 WARN spring.jpa.open-in-view is enabled by default. Therefore, database queries may be performed during view rendering. Explicitly configure spring.jpa.open-in-view to disable this warning
2023-10-02T12:15:46.013+0200 INFO Starting ProtocolHandler ["http-nio-8085"]
2023-10-02T12:15:46.070+0200 INFO Tomcat started on port(s): 8085 (http) with context path ''
2023-10-02T12:15:46.083+0200 INFO Started SincronoApplication in 8.479 seconds (process running for 10.278)
2023-10-02T12:15:53.655+0200 INFO Initializing Spring DispatcherServlet 'dispatcherServlet'
2023-10-02T12:15:53.655+0200 INFO Initializing Servlet 'dispatcherServlet'
2023-10-02T12:15:53.656+0200 INFO Completed initialization in 1 ms
2023-10-02T12:15:57.636+0200 INFO Inizio chiamata al meotodo getRapportino
2023-10-02T12:16:12.111+0200 INFO Fine chiamata al meotodo getRapportino

2023-10-02T12:18:53.144+0200 INFO Starting SincronoApplication using Java 17.0.7 with PID 1148 (C:\Users\SINCRONO\Documents\GitHub\Sincrono\target\classes started by SINCRONO in C:\Users\SINCRONO\Documents\GitHub\Sincrono)
2023-10-02T12:18:53.161+0200 INFO No active profile set, falling back to 1 default profile: "default"
2023-10-02T12:18:54.162+0200 INFO Bootstrapping Spring Data JPA repositories in DEFAULT mode.
2023-10-02T12:18:54.356+0200 INFO Finished Spring Data repository scanning in 177 ms. Found 13 JPA repository interfaces.
2023-10-02T12:18:55.123+0200 INFO Tomcat initialized with port(s): 8085 (http)
2023-10-02T12:18:55.139+0200 INFO Initializing ProtocolHandler ["http-nio-8085"]
2023-10-02T12:18:55.142+0200 INFO Starting service [Tomcat]
2023-10-02T12:18:55.144+0200 INFO Starting Servlet engine: [Apache Tomcat/10.1.8]
2023-10-02T12:18:55.271+0200 INFO Initializing Spring embedded WebApplicationContext
2023-10-02T12:18:55.272+0200 INFO Root WebApplicationContext: initialization completed in 2034 ms
2023-10-02T12:18:55.542+0200 INFO HHH000204: Processing PersistenceUnitInfo [name: default]
2023-10-02T12:18:55.622+0200 INFO HHH000412: Hibernate ORM core version 6.1.7.Final
2023-10-02T12:18:56.063+0200 INFO HikariPool-1 - Starting...
2023-10-02T12:18:56.488+0200 INFO HikariPool-1 - Added connection com.mysql.cj.jdbc.ConnectionImpl@2095c331
2023-10-02T12:18:56.491+0200 INFO HikariPool-1 - Start completed.
2023-10-02T12:18:56.588+0200 INFO HHH000400: Using dialect: org.hibernate.dialect.MySQLDialect
2023-10-02T12:18:58.489+0200 INFO HHH000490: Using JtaPlatform implementation: [org.hibernate.engine.transaction.jta.platform.internal.NoJtaPlatform]
2023-10-02T12:18:58.505+0200 INFO Initialized JPA EntityManagerFactory for persistence unit 'default'
2023-10-02T12:19:00.277+0200 WARN spring.jpa.open-in-view is enabled by default. Therefore, database queries may be performed during view rendering. Explicitly configure spring.jpa.open-in-view to disable this warning
2023-10-02T12:19:00.755+0200 INFO Starting ProtocolHandler ["http-nio-8085"]
2023-10-02T12:19:00.816+0200 INFO Tomcat started on port(s): 8085 (http) with context path ''
2023-10-02T12:19:00.833+0200 INFO Started SincronoApplication in 8.352 seconds (process running for 10.199)
2023-10-02T12:19:05.669+0200 INFO Initializing Spring DispatcherServlet 'dispatcherServlet'
2023-10-02T12:19:05.674+0200 INFO Initializing Servlet 'dispatcherServlet'
2023-10-02T12:19:05.677+0200 INFO Completed initialization in 3 ms
2023-10-02T12:19:08.972+0200 INFO Inizio chiamata al meotodo getRapportino
2023-10-02T12:19:29.032+0200 ERROR Servlet.service() for servlet [dispatcherServlet] in context with path [] threw exception [Request processing failed: java.lang.NumberFormatException: For input string: ""] with root cause
java.lang.NumberFormatException: For input string: ""
	at java.lang.NumberFormatException.forInputString(NumberFormatException.java:67) ~[?:?]
	at java.lang.Integer.parseInt(Integer.java:678) ~[?:?]
	at java.lang.Integer.parseInt(Integer.java:786) ~[?:?]
	at it.sincrono.services.utils.FileUtil.covertStringInRapportinoDto(FileUtil.java:66) ~[classes/:?]
	at it.sincrono.services.utils.FileUtil.readFile(FileUtil.java:43) ~[classes/:?]
	at it.sincrono.services.impl.RapportinoServiceImpl.getRapportino(RapportinoServiceImpl.java:70) ~[classes/:?]
	at it.sincrono.controllers.RapportinoController.getRapportino(RapportinoController.java:55) ~[classes/:?]
	at jdk.internal.reflect.NativeMethodAccessorImpl.invoke0(Native Method) ~[?:?]
	at jdk.internal.reflect.NativeMethodAccessorImpl.invoke(NativeMethodAccessorImpl.java:77) ~[?:?]
	at jdk.internal.reflect.DelegatingMethodAccessorImpl.invoke(DelegatingMethodAccessorImpl.java:43) ~[?:?]
	at java.lang.reflect.Method.invoke(Method.java:568) ~[?:?]
	at org.springframework.web.method.support.InvocableHandlerMethod.doInvoke(InvocableHandlerMethod.java:207) ~[spring-web-6.0.8.jar:6.0.8]
	at org.springframework.web.method.support.InvocableHandlerMethod.invokeForRequest(InvocableHandlerMethod.java:152) ~[spring-web-6.0.8.jar:6.0.8]
	at org.springframework.web.servlet.mvc.method.annotation.ServletInvocableHandlerMethod.invokeAndHandle(ServletInvocableHandlerMethod.java:118) ~[spring-webmvc-6.0.8.jar:6.0.8]
	at org.springframework.web.servlet.mvc.method.annotation.RequestMappingHandlerAdapter.invokeHandlerMethod(RequestMappingHandlerAdapter.java:884) ~[spring-webmvc-6.0.8.jar:6.0.8]
	at org.springframework.web.servlet.mvc.method.annotation.RequestMappingHandlerAdapter.handleInternal(RequestMappingHandlerAdapter.java:797) ~[spring-webmvc-6.0.8.jar:6.0.8]
	at org.springframework.web.servlet.mvc.method.AbstractHandlerMethodAdapter.handle(AbstractHandlerMethodAdapter.java:87) ~[spring-webmvc-6.0.8.jar:6.0.8]
	at org.springframework.web.servlet.DispatcherServlet.doDispatch(DispatcherServlet.java:1081) ~[spring-webmvc-6.0.8.jar:6.0.8]
	at org.springframework.web.servlet.DispatcherServlet.doService(DispatcherServlet.java:974) ~[spring-webmvc-6.0.8.jar:6.0.8]
	at org.springframework.web.servlet.FrameworkServlet.processRequest(FrameworkServlet.java:1011) ~[spring-webmvc-6.0.8.jar:6.0.8]
	at org.springframework.web.servlet.FrameworkServlet.doGet(FrameworkServlet.java:903) ~[spring-webmvc-6.0.8.jar:6.0.8]
	at jakarta.servlet.http.HttpServlet.service(HttpServlet.java:564) ~[tomcat-embed-core-10.1.8.jar:6.0]
	at org.springframework.web.servlet.FrameworkServlet.service(FrameworkServlet.java:885) ~[spring-webmvc-6.0.8.jar:6.0.8]
	at jakarta.servlet.http.HttpServlet.service(HttpServlet.java:658) ~[tomcat-embed-core-10.1.8.jar:6.0]
	at org.apache.catalina.core.ApplicationFilterChain.internalDoFilter(ApplicationFilterChain.java:205) ~[tomcat-embed-core-10.1.8.jar:10.1.8]
	at org.apache.catalina.core.ApplicationFilterChain.doFilter(ApplicationFilterChain.java:149) ~[tomcat-embed-core-10.1.8.jar:10.1.8]
	at org.apache.tomcat.websocket.server.WsFilter.doFilter(WsFilter.java:51) ~[tomcat-embed-websocket-10.1.8.jar:10.1.8]
	at org.apache.catalina.core.ApplicationFilterChain.internalDoFilter(ApplicationFilterChain.java:174) ~[tomcat-embed-core-10.1.8.jar:10.1.8]
	at org.apache.catalina.core.ApplicationFilterChain.doFilter(ApplicationFilterChain.java:149) ~[tomcat-embed-core-10.1.8.jar:10.1.8]
	at org.springframework.web.filter.RequestContextFilter.doFilterInternal(RequestContextFilter.java:100) ~[spring-web-6.0.8.jar:6.0.8]
	at org.springframework.web.filter.OncePerRequestFilter.doFilter(OncePerRequestFilter.java:116) ~[spring-web-6.0.8.jar:6.0.8]
	at org.apache.catalina.core.ApplicationFilterChain.internalDoFilter(ApplicationFilterChain.java:174) ~[tomcat-embed-core-10.1.8.jar:10.1.8]
	at org.apache.catalina.core.ApplicationFilterChain.doFilter(ApplicationFilterChain.java:149) ~[tomcat-embed-core-10.1.8.jar:10.1.8]
	at org.springframework.web.filter.FormContentFilter.doFilterInternal(FormContentFilter.java:93) ~[spring-web-6.0.8.jar:6.0.8]
	at org.springframework.web.filter.OncePerRequestFilter.doFilter(OncePerRequestFilter.java:116) ~[spring-web-6.0.8.jar:6.0.8]
	at org.apache.catalina.core.ApplicationFilterChain.internalDoFilter(ApplicationFilterChain.java:174) ~[tomcat-embed-core-10.1.8.jar:10.1.8]
	at org.apache.catalina.core.ApplicationFilterChain.doFilter(ApplicationFilterChain.java:149) ~[tomcat-embed-core-10.1.8.jar:10.1.8]
	at org.springframework.web.filter.CharacterEncodingFilter.doFilterInternal(CharacterEncodingFilter.java:201) ~[spring-web-6.0.8.jar:6.0.8]
	at org.springframework.web.filter.OncePerRequestFilter.doFilter(OncePerRequestFilter.java:116) ~[spring-web-6.0.8.jar:6.0.8]
	at org.apache.catalina.core.ApplicationFilterChain.internalDoFilter(ApplicationFilterChain.java:174) ~[tomcat-embed-core-10.1.8.jar:10.1.8]
	at org.apache.catalina.core.ApplicationFilterChain.doFilter(ApplicationFilterChain.java:149) ~[tomcat-embed-core-10.1.8.jar:10.1.8]
	at org.apache.catalina.core.StandardWrapperValve.invoke(StandardWrapperValve.java:166) ~[tomcat-embed-core-10.1.8.jar:10.1.8]
	at org.apache.catalina.core.StandardContextValve.invoke(StandardContextValve.java:90) ~[tomcat-embed-core-10.1.8.jar:10.1.8]
	at org.apache.catalina.authenticator.AuthenticatorBase.invoke(AuthenticatorBase.java:482) ~[tomcat-embed-core-10.1.8.jar:10.1.8]
	at org.apache.catalina.core.StandardHostValve.invoke(StandardHostValve.java:115) ~[tomcat-embed-core-10.1.8.jar:10.1.8]
	at org.apache.catalina.valves.ErrorReportValve.invoke(ErrorReportValve.java:93) ~[tomcat-embed-core-10.1.8.jar:10.1.8]
	at org.apache.catalina.core.StandardEngineValve.invoke(StandardEngineValve.java:74) ~[tomcat-embed-core-10.1.8.jar:10.1.8]
	at org.apache.catalina.connector.CoyoteAdapter.service(CoyoteAdapter.java:341) ~[tomcat-embed-core-10.1.8.jar:10.1.8]
	at org.apache.coyote.http11.Http11Processor.service(Http11Processor.java:390) ~[tomcat-embed-core-10.1.8.jar:10.1.8]
	at org.apache.coyote.AbstractProcessorLight.process(AbstractProcessorLight.java:63) ~[tomcat-embed-core-10.1.8.jar:10.1.8]
	at org.apache.coyote.AbstractProtocol$ConnectionHandler.process(AbstractProtocol.java:894) ~[tomcat-embed-core-10.1.8.jar:10.1.8]
	at org.apache.tomcat.util.net.NioEndpoint$SocketProcessor.doRun(NioEndpoint.java:1741) ~[tomcat-embed-core-10.1.8.jar:10.1.8]
	at org.apache.tomcat.util.net.SocketProcessorBase.run(SocketProcessorBase.java:52) ~[tomcat-embed-core-10.1.8.jar:10.1.8]
	at org.apache.tomcat.util.threads.ThreadPoolExecutor.runWorker(ThreadPoolExecutor.java:1191) ~[tomcat-embed-core-10.1.8.jar:10.1.8]
	at org.apache.tomcat.util.threads.ThreadPoolExecutor$Worker.run(ThreadPoolExecutor.java:659) ~[tomcat-embed-core-10.1.8.jar:10.1.8]
	at org.apache.tomcat.util.threads.TaskThread$WrappingRunnable.run(TaskThread.java:61) ~[tomcat-embed-core-10.1.8.jar:10.1.8]
	at java.lang.Thread.run(Thread.java:833) ~[?:?]
2023-10-02T12:20:09.338+0200 INFO Starting SincronoApplication using Java 17.0.7 with PID 9952 (C:\Users\SINCRONO\Documents\GitHub\Sincrono\target\classes started by SINCRONO in C:\Users\SINCRONO\Documents\GitHub\Sincrono)
2023-10-02T12:20:09.352+0200 INFO No active profile set, falling back to 1 default profile: "default"
2023-10-02T12:20:10.357+0200 INFO Bootstrapping Spring Data JPA repositories in DEFAULT mode.
2023-10-02T12:20:10.553+0200 INFO Finished Spring Data repository scanning in 182 ms. Found 13 JPA repository interfaces.
2023-10-02T12:20:11.283+0200 INFO Tomcat initialized with port(s): 8085 (http)
2023-10-02T12:20:11.297+0200 INFO Initializing ProtocolHandler ["http-nio-8085"]
2023-10-02T12:20:11.300+0200 INFO Starting service [Tomcat]
2023-10-02T12:20:11.301+0200 INFO Starting Servlet engine: [Apache Tomcat/10.1.8]
2023-10-02T12:20:11.411+0200 INFO Initializing Spring embedded WebApplicationContext
2023-10-02T12:20:11.412+0200 INFO Root WebApplicationContext: initialization completed in 1990 ms
2023-10-02T12:20:11.672+0200 INFO HHH000204: Processing PersistenceUnitInfo [name: default]
2023-10-02T12:20:11.753+0200 INFO HHH000412: Hibernate ORM core version 6.1.7.Final
2023-10-02T12:20:12.312+0200 INFO HikariPool-1 - Starting...
2023-10-02T12:20:12.799+0200 INFO HikariPool-1 - Added connection com.mysql.cj.jdbc.ConnectionImpl@1d1c63af
2023-10-02T12:20:12.803+0200 INFO HikariPool-1 - Start completed.
2023-10-02T12:20:12.937+0200 INFO HHH000400: Using dialect: org.hibernate.dialect.MySQLDialect
2023-10-02T12:20:15.051+0200 INFO HHH000490: Using JtaPlatform implementation: [org.hibernate.engine.transaction.jta.platform.internal.NoJtaPlatform]
2023-10-02T12:20:15.067+0200 INFO Initialized JPA EntityManagerFactory for persistence unit 'default'
2023-10-02T12:20:16.814+0200 WARN spring.jpa.open-in-view is enabled by default. Therefore, database queries may be performed during view rendering. Explicitly configure spring.jpa.open-in-view to disable this warning
2023-10-02T12:20:17.271+0200 INFO Starting ProtocolHandler ["http-nio-8085"]
2023-10-02T12:20:17.278+0200 WARN Exception encountered during context initialization - cancelling refresh attempt: org.springframework.context.ApplicationContextException: Failed to start bean 'webServerStartStop'
2023-10-02T12:20:17.281+0200 INFO Closing JPA EntityManagerFactory for persistence unit 'default'
2023-10-02T12:20:17.284+0200 INFO HikariPool-1 - Shutdown initiated...
2023-10-02T12:20:17.305+0200 INFO HikariPool-1 - Shutdown completed.
2023-10-02T12:20:17.308+0200 INFO Pausing ProtocolHandler ["http-nio-8085"]
2023-10-02T12:20:17.309+0200 INFO Stopping service [Tomcat]
2023-10-02T12:20:17.318+0200 INFO Stopping ProtocolHandler ["http-nio-8085"]
2023-10-02T12:20:17.319+0200 INFO Destroying ProtocolHandler ["http-nio-8085"]
2023-10-02T12:20:17.335+0200 INFO 

Error starting ApplicationContext. To display the condition evaluation report re-run your application with 'debug' enabled.
2023-10-02T12:20:17.418+0200 ERROR 

***************************
APPLICATION FAILED TO START
***************************

Description:

Web server failed to start. Port 8085 was already in use.

Action:

Identify and stop the process that's listening on port 8085 or configure this application to listen on another port.

2023-10-02T12:20:34.241+0200 INFO Starting SincronoApplication using Java 17.0.7 with PID 12104 (C:\Users\SINCRONO\Documents\GitHub\Sincrono\target\classes started by SINCRONO in C:\Users\SINCRONO\Documents\GitHub\Sincrono)
2023-10-02T12:20:34.259+0200 INFO No active profile set, falling back to 1 default profile: "default"
2023-10-02T12:20:35.438+0200 INFO Bootstrapping Spring Data JPA repositories in DEFAULT mode.
2023-10-02T12:20:35.631+0200 INFO Finished Spring Data repository scanning in 179 ms. Found 13 JPA repository interfaces.
2023-10-02T12:20:36.406+0200 INFO Tomcat initialized with port(s): 8085 (http)
2023-10-02T12:20:36.422+0200 INFO Initializing ProtocolHandler ["http-nio-8085"]
2023-10-02T12:20:36.426+0200 INFO Starting service [Tomcat]
2023-10-02T12:20:36.427+0200 INFO Starting Servlet engine: [Apache Tomcat/10.1.8]
2023-10-02T12:20:36.580+0200 INFO Initializing Spring embedded WebApplicationContext
2023-10-02T12:20:36.581+0200 INFO Root WebApplicationContext: initialization completed in 2244 ms
2023-10-02T12:20:36.837+0200 INFO HHH000204: Processing PersistenceUnitInfo [name: default]
2023-10-02T12:20:36.930+0200 INFO HHH000412: Hibernate ORM core version 6.1.7.Final
2023-10-02T12:20:37.370+0200 INFO HikariPool-1 - Starting...
2023-10-02T12:20:37.863+0200 INFO HikariPool-1 - Added connection com.mysql.cj.jdbc.ConnectionImpl@c83ed77
2023-10-02T12:20:37.866+0200 INFO HikariPool-1 - Start completed.
2023-10-02T12:20:37.965+0200 INFO HHH000400: Using dialect: org.hibernate.dialect.MySQLDialect
2023-10-02T12:20:39.936+0200 INFO HHH000490: Using JtaPlatform implementation: [org.hibernate.engine.transaction.jta.platform.internal.NoJtaPlatform]
2023-10-02T12:20:39.953+0200 INFO Initialized JPA EntityManagerFactory for persistence unit 'default'
2023-10-02T12:20:41.824+0200 WARN spring.jpa.open-in-view is enabled by default. Therefore, database queries may be performed during view rendering. Explicitly configure spring.jpa.open-in-view to disable this warning
2023-10-02T12:20:42.323+0200 INFO Starting ProtocolHandler ["http-nio-8085"]
2023-10-02T12:20:42.332+0200 WARN Exception encountered during context initialization - cancelling refresh attempt: org.springframework.context.ApplicationContextException: Failed to start bean 'webServerStartStop'
2023-10-02T12:20:42.335+0200 INFO Closing JPA EntityManagerFactory for persistence unit 'default'
2023-10-02T12:20:42.338+0200 INFO HikariPool-1 - Shutdown initiated...
2023-10-02T12:20:42.355+0200 INFO HikariPool-1 - Shutdown completed.
2023-10-02T12:20:42.362+0200 INFO Pausing ProtocolHandler ["http-nio-8085"]
2023-10-02T12:20:42.362+0200 INFO Stopping service [Tomcat]
2023-10-02T12:20:42.370+0200 INFO Stopping ProtocolHandler ["http-nio-8085"]
2023-10-02T12:20:42.371+0200 INFO Destroying ProtocolHandler ["http-nio-8085"]
2023-10-02T12:20:42.386+0200 INFO 

Error starting ApplicationContext. To display the condition evaluation report re-run your application with 'debug' enabled.
2023-10-02T12:20:42.417+0200 ERROR 

***************************
APPLICATION FAILED TO START
***************************

Description:

Web server failed to start. Port 8085 was already in use.

Action:

Identify and stop the process that's listening on port 8085 or configure this application to listen on another port.

2023-10-02T12:20:59.638+0200 INFO Application shutdown requested.
2023-10-02T12:20:59.657+0200 INFO Pausing ProtocolHandler ["http-nio-8085"]
2023-10-02T12:20:59.658+0200 INFO Stopping service [Tomcat]
2023-10-02T12:20:59.661+0200 INFO Waiting for [1] instance(s) to be deallocated for Servlet [dispatcherServlet]
2023-10-02T12:21:00.746+0200 INFO Waiting for [1] instance(s) to be deallocated for Servlet [dispatcherServlet]
2023-10-02T12:21:01.833+0200 INFO Waiting for [1] instance(s) to be deallocated for Servlet [dispatcherServlet]
2023-10-02T12:21:01.941+0200 INFO Destroying Spring FrameworkServlet 'dispatcherServlet'
2023-10-02T12:21:01.945+0200 WARN The web application [ROOT] is still processing a request that has yet to finish. This is very likely to create a memory leak. You can control the time allowed for requests to finish by using the unloadDelay attribute of the standard Context implementation. Stack trace of request processing thread:[
 app//it.sincrono.controllers.RapportinoController.getRapportino(RapportinoController.java:49)
 java.base@17.0.7/jdk.internal.reflect.NativeMethodAccessorImpl.invoke0(Native Method)
 java.base@17.0.7/jdk.internal.reflect.NativeMethodAccessorImpl.invoke(NativeMethodAccessorImpl.java:77)
 java.base@17.0.7/jdk.internal.reflect.DelegatingMethodAccessorImpl.invoke(DelegatingMethodAccessorImpl.java:43)
 java.base@17.0.7/java.lang.reflect.Method.invoke(Method.java:568)
 app//org.springframework.web.method.support.InvocableHandlerMethod.doInvoke(InvocableHandlerMethod.java:207)
 app//org.springframework.web.method.support.InvocableHandlerMethod.invokeForRequest(InvocableHandlerMethod.java:152)
 app//org.springframework.web.servlet.mvc.method.annotation.ServletInvocableHandlerMethod.invokeAndHandle(ServletInvocableHandlerMethod.java:118)
 app//org.springframework.web.servlet.mvc.method.annotation.RequestMappingHandlerAdapter.invokeHandlerMethod(RequestMappingHandlerAdapter.java:884)
 app//org.springframework.web.servlet.mvc.method.annotation.RequestMappingHandlerAdapter.handleInternal(RequestMappingHandlerAdapter.java:797)
 app//org.springframework.web.servlet.mvc.method.AbstractHandlerMethodAdapter.handle(AbstractHandlerMethodAdapter.java:87)
 app//org.springframework.web.servlet.DispatcherServlet.doDispatch(DispatcherServlet.java:1081)
 app//org.springframework.web.servlet.DispatcherServlet.doService(DispatcherServlet.java:974)
 app//org.springframework.web.servlet.FrameworkServlet.processRequest(FrameworkServlet.java:1011)
 app//org.springframework.web.servlet.FrameworkServlet.doGet(FrameworkServlet.java:903)
 app//jakarta.servlet.http.HttpServlet.service(HttpServlet.java:564)
 app//org.springframework.web.servlet.FrameworkServlet.service(FrameworkServlet.java:885)
 app//jakarta.servlet.http.HttpServlet.service(HttpServlet.java:658)
 app//org.apache.catalina.core.ApplicationFilterChain.internalDoFilter(ApplicationFilterChain.java:205)
 app//org.apache.catalina.core.ApplicationFilterChain.doFilter(ApplicationFilterChain.java:149)
 app//org.apache.tomcat.websocket.server.WsFilter.doFilter(WsFilter.java:51)
 app//org.apache.catalina.core.ApplicationFilterChain.internalDoFilter(ApplicationFilterChain.java:174)
 app//org.apache.catalina.core.ApplicationFilterChain.doFilter(ApplicationFilterChain.java:149)
 app//org.springframework.web.filter.RequestContextFilter.doFilterInternal(RequestContextFilter.java:100)
 app//org.springframework.web.filter.OncePerRequestFilter.doFilter(OncePerRequestFilter.java:116)
 app//org.apache.catalina.core.ApplicationFilterChain.internalDoFilter(ApplicationFilterChain.java:174)
 app//org.apache.catalina.core.ApplicationFilterChain.doFilter(ApplicationFilterChain.java:149)
 app//org.springframework.web.filter.FormContentFilter.doFilterInternal(FormContentFilter.java:93)
 app//org.springframework.web.filter.OncePerRequestFilter.doFilter(OncePerRequestFilter.java:116)
 app//org.apache.catalina.core.ApplicationFilterChain.internalDoFilter(ApplicationFilterChain.java:174)
 app//org.apache.catalina.core.ApplicationFilterChain.doFilter(ApplicationFilterChain.java:149)
 app//org.springframework.web.filter.CharacterEncodingFilter.doFilterInternal(CharacterEncodingFilter.java:201)
 app//org.springframework.web.filter.OncePerRequestFilter.doFilter(OncePerRequestFilter.java:116)
 app//org.apache.catalina.core.ApplicationFilterChain.internalDoFilter(ApplicationFilterChain.java:174)
 app//org.apache.catalina.core.ApplicationFilterChain.doFilter(ApplicationFilterChain.java:149)
 app//org.apache.catalina.core.StandardWrapperValve.invoke(StandardWrapperValve.java:166)
 app//org.apache.catalina.core.StandardContextValve.invoke(StandardContextValve.java:90)
 app//org.apache.catalina.authenticator.AuthenticatorBase.invoke(AuthenticatorBase.java:482)
 app//org.apache.catalina.core.StandardHostValve.invoke(StandardHostValve.java:115)
 app//org.apache.catalina.valves.ErrorReportValve.invoke(ErrorReportValve.java:93)
 app//org.apache.catalina.core.StandardEngineValve.invoke(StandardEngineValve.java:74)
 app//org.apache.catalina.connector.CoyoteAdapter.service(CoyoteAdapter.java:341)
 app//org.apache.coyote.http11.Http11Processor.service(Http11Processor.java:390)
 app//org.apache.coyote.AbstractProcessorLight.process(AbstractProcessorLight.java:63)
 app//org.apache.coyote.AbstractProtocol$ConnectionHandler.process(AbstractProtocol.java:894)
 app//org.apache.tomcat.util.net.NioEndpoint$SocketProcessor.doRun(NioEndpoint.java:1741)
 app//org.apache.tomcat.util.net.SocketProcessorBase.run(SocketProcessorBase.java:52)
 app//org.apache.tomcat.util.threads.ThreadPoolExecutor.runWorker(ThreadPoolExecutor.java:1191)
 app//org.apache.tomcat.util.threads.ThreadPoolExecutor$Worker.run(ThreadPoolExecutor.java:659)
 app//org.apache.tomcat.util.threads.TaskThread$WrappingRunnable.run(TaskThread.java:61)
 java.base@17.0.7/java.lang.Thread.run(Thread.java:833)]
2023-10-02T12:21:01.951+0200 INFO Stopping ProtocolHandler ["http-nio-8085"]
2023-10-02T12:21:06.968+0200 WARN The executor associated with thread pool [http-nio-8085] has not fully shutdown. Some application threads may still be running.
2023-10-02T12:21:06.970+0200 INFO Destroying ProtocolHandler ["http-nio-8085"]
2023-10-02T12:21:06.977+0200 INFO Shutting down application...
2023-10-02T12:21:06.978+0200 INFO Closing JPA EntityManagerFactory for persistence unit 'default'
2023-10-02T12:21:12.511+0200 INFO Starting SincronoApplication using Java 17.0.7 with PID 3120 (C:\Users\SINCRONO\Documents\GitHub\Sincrono\target\classes started by SINCRONO in C:\Users\SINCRONO\Documents\GitHub\Sincrono)
2023-10-02T12:21:12.528+0200 INFO No active profile set, falling back to 1 default profile: "default"
2023-10-02T12:21:13.572+0200 INFO Bootstrapping Spring Data JPA repositories in DEFAULT mode.
2023-10-02T12:21:13.767+0200 INFO Finished Spring Data repository scanning in 182 ms. Found 13 JPA repository interfaces.
2023-10-02T12:21:14.493+0200 INFO Tomcat initialized with port(s): 8085 (http)
2023-10-02T12:21:14.508+0200 INFO Initializing ProtocolHandler ["http-nio-8085"]
2023-10-02T12:21:14.512+0200 INFO Starting service [Tomcat]
2023-10-02T12:21:14.512+0200 INFO Starting Servlet engine: [Apache Tomcat/10.1.8]
2023-10-02T12:21:14.640+0200 INFO Initializing Spring embedded WebApplicationContext
2023-10-02T12:21:14.641+0200 INFO Root WebApplicationContext: initialization completed in 1997 ms
2023-10-02T12:21:14.881+0200 INFO HHH000204: Processing PersistenceUnitInfo [name: default]
2023-10-02T12:21:14.959+0200 INFO HHH000412: Hibernate ORM core version 6.1.7.Final
2023-10-02T12:21:15.428+0200 INFO HikariPool-1 - Starting...
2023-10-02T12:21:15.904+0200 INFO HikariPool-1 - Added connection com.mysql.cj.jdbc.ConnectionImpl@54b2d002
2023-10-02T12:21:15.908+0200 INFO HikariPool-1 - Start completed.
2023-10-02T12:21:15.994+0200 INFO HHH000400: Using dialect: org.hibernate.dialect.MySQLDialect
2023-10-02T12:21:17.862+0200 INFO HHH000490: Using JtaPlatform implementation: [org.hibernate.engine.transaction.jta.platform.internal.NoJtaPlatform]
2023-10-02T12:21:17.877+0200 INFO Initialized JPA EntityManagerFactory for persistence unit 'default'
2023-10-02T12:21:19.620+0200 WARN spring.jpa.open-in-view is enabled by default. Therefore, database queries may be performed during view rendering. Explicitly configure spring.jpa.open-in-view to disable this warning
2023-10-02T12:21:20.082+0200 INFO Starting ProtocolHandler ["http-nio-8085"]
2023-10-02T12:21:20.122+0200 INFO Tomcat started on port(s): 8085 (http) with context path ''
2023-10-02T12:21:20.133+0200 INFO Started SincronoApplication in 8.246 seconds (process running for 10.084)
2023-10-02T12:21:25.625+0200 INFO Initializing Spring DispatcherServlet 'dispatcherServlet'
2023-10-02T12:21:25.625+0200 INFO Initializing Servlet 'dispatcherServlet'
2023-10-02T12:21:25.629+0200 INFO Completed initialization in 2 ms
2023-10-02T12:21:31.928+0200 INFO Inizio chiamata al meotodo getRapportino
2023-10-02T12:22:18.993+0200 ERROR Servlet.service() for servlet [dispatcherServlet] in context with path [] threw exception [Request processing failed: java.lang.NumberFormatException: For input string: ""] with root cause
java.lang.NumberFormatException: For input string: ""
	at java.lang.NumberFormatException.forInputString(NumberFormatException.java:67) ~[?:?]
	at java.lang.Integer.parseInt(Integer.java:678) ~[?:?]
	at java.lang.Integer.parseInt(Integer.java:786) ~[?:?]
	at it.sincrono.services.utils.FileUtil.covertStringInRapportinoDto(FileUtil.java:66) ~[classes/:?]
	at it.sincrono.services.utils.FileUtil.readFile(FileUtil.java:43) ~[classes/:?]
	at it.sincrono.services.impl.RapportinoServiceImpl.getRapportino(RapportinoServiceImpl.java:70) ~[classes/:?]
	at it.sincrono.controllers.RapportinoController.getRapportino(RapportinoController.java:55) ~[classes/:?]
	at jdk.internal.reflect.NativeMethodAccessorImpl.invoke0(Native Method) ~[?:?]
	at jdk.internal.reflect.NativeMethodAccessorImpl.invoke(NativeMethodAccessorImpl.java:77) ~[?:?]
	at jdk.internal.reflect.DelegatingMethodAccessorImpl.invoke(DelegatingMethodAccessorImpl.java:43) ~[?:?]
	at java.lang.reflect.Method.invoke(Method.java:568) ~[?:?]
	at org.springframework.web.method.support.InvocableHandlerMethod.doInvoke(InvocableHandlerMethod.java:207) ~[spring-web-6.0.8.jar:6.0.8]
	at org.springframework.web.method.support.InvocableHandlerMethod.invokeForRequest(InvocableHandlerMethod.java:152) ~[spring-web-6.0.8.jar:6.0.8]
	at org.springframework.web.servlet.mvc.method.annotation.ServletInvocableHandlerMethod.invokeAndHandle(ServletInvocableHandlerMethod.java:118) ~[spring-webmvc-6.0.8.jar:6.0.8]
	at org.springframework.web.servlet.mvc.method.annotation.RequestMappingHandlerAdapter.invokeHandlerMethod(RequestMappingHandlerAdapter.java:884) ~[spring-webmvc-6.0.8.jar:6.0.8]
	at org.springframework.web.servlet.mvc.method.annotation.RequestMappingHandlerAdapter.handleInternal(RequestMappingHandlerAdapter.java:797) ~[spring-webmvc-6.0.8.jar:6.0.8]
	at org.springframework.web.servlet.mvc.method.AbstractHandlerMethodAdapter.handle(AbstractHandlerMethodAdapter.java:87) ~[spring-webmvc-6.0.8.jar:6.0.8]
	at org.springframework.web.servlet.DispatcherServlet.doDispatch(DispatcherServlet.java:1081) ~[spring-webmvc-6.0.8.jar:6.0.8]
	at org.springframework.web.servlet.DispatcherServlet.doService(DispatcherServlet.java:974) ~[spring-webmvc-6.0.8.jar:6.0.8]
	at org.springframework.web.servlet.FrameworkServlet.processRequest(FrameworkServlet.java:1011) ~[spring-webmvc-6.0.8.jar:6.0.8]
	at org.springframework.web.servlet.FrameworkServlet.doGet(FrameworkServlet.java:903) ~[spring-webmvc-6.0.8.jar:6.0.8]
	at jakarta.servlet.http.HttpServlet.service(HttpServlet.java:564) ~[tomcat-embed-core-10.1.8.jar:6.0]
	at org.springframework.web.servlet.FrameworkServlet.service(FrameworkServlet.java:885) ~[spring-webmvc-6.0.8.jar:6.0.8]
	at jakarta.servlet.http.HttpServlet.service(HttpServlet.java:658) ~[tomcat-embed-core-10.1.8.jar:6.0]
	at org.apache.catalina.core.ApplicationFilterChain.internalDoFilter(ApplicationFilterChain.java:205) ~[tomcat-embed-core-10.1.8.jar:10.1.8]
	at org.apache.catalina.core.ApplicationFilterChain.doFilter(ApplicationFilterChain.java:149) ~[tomcat-embed-core-10.1.8.jar:10.1.8]
	at org.apache.tomcat.websocket.server.WsFilter.doFilter(WsFilter.java:51) ~[tomcat-embed-websocket-10.1.8.jar:10.1.8]
	at org.apache.catalina.core.ApplicationFilterChain.internalDoFilter(ApplicationFilterChain.java:174) ~[tomcat-embed-core-10.1.8.jar:10.1.8]
	at org.apache.catalina.core.ApplicationFilterChain.doFilter(ApplicationFilterChain.java:149) ~[tomcat-embed-core-10.1.8.jar:10.1.8]
	at org.springframework.web.filter.RequestContextFilter.doFilterInternal(RequestContextFilter.java:100) ~[spring-web-6.0.8.jar:6.0.8]
	at org.springframework.web.filter.OncePerRequestFilter.doFilter(OncePerRequestFilter.java:116) ~[spring-web-6.0.8.jar:6.0.8]
	at org.apache.catalina.core.ApplicationFilterChain.internalDoFilter(ApplicationFilterChain.java:174) ~[tomcat-embed-core-10.1.8.jar:10.1.8]
	at org.apache.catalina.core.ApplicationFilterChain.doFilter(ApplicationFilterChain.java:149) ~[tomcat-embed-core-10.1.8.jar:10.1.8]
	at org.springframework.web.filter.FormContentFilter.doFilterInternal(FormContentFilter.java:93) ~[spring-web-6.0.8.jar:6.0.8]
	at org.springframework.web.filter.OncePerRequestFilter.doFilter(OncePerRequestFilter.java:116) ~[spring-web-6.0.8.jar:6.0.8]
	at org.apache.catalina.core.ApplicationFilterChain.internalDoFilter(ApplicationFilterChain.java:174) ~[tomcat-embed-core-10.1.8.jar:10.1.8]
	at org.apache.catalina.core.ApplicationFilterChain.doFilter(ApplicationFilterChain.java:149) ~[tomcat-embed-core-10.1.8.jar:10.1.8]
	at org.springframework.web.filter.CharacterEncodingFilter.doFilterInternal(CharacterEncodingFilter.java:201) ~[spring-web-6.0.8.jar:6.0.8]
	at org.springframework.web.filter.OncePerRequestFilter.doFilter(OncePerRequestFilter.java:116) ~[spring-web-6.0.8.jar:6.0.8]
	at org.apache.catalina.core.ApplicationFilterChain.internalDoFilter(ApplicationFilterChain.java:174) ~[tomcat-embed-core-10.1.8.jar:10.1.8]
	at org.apache.catalina.core.ApplicationFilterChain.doFilter(ApplicationFilterChain.java:149) ~[tomcat-embed-core-10.1.8.jar:10.1.8]
	at org.apache.catalina.core.StandardWrapperValve.invoke(StandardWrapperValve.java:166) ~[tomcat-embed-core-10.1.8.jar:10.1.8]
	at org.apache.catalina.core.StandardContextValve.invoke(StandardContextValve.java:90) ~[tomcat-embed-core-10.1.8.jar:10.1.8]
	at org.apache.catalina.authenticator.AuthenticatorBase.invoke(AuthenticatorBase.java:482) ~[tomcat-embed-core-10.1.8.jar:10.1.8]
	at org.apache.catalina.core.StandardHostValve.invoke(StandardHostValve.java:115) ~[tomcat-embed-core-10.1.8.jar:10.1.8]
	at org.apache.catalina.valves.ErrorReportValve.invoke(ErrorReportValve.java:93) ~[tomcat-embed-core-10.1.8.jar:10.1.8]
	at org.apache.catalina.core.StandardEngineValve.invoke(StandardEngineValve.java:74) ~[tomcat-embed-core-10.1.8.jar:10.1.8]
	at org.apache.catalina.connector.CoyoteAdapter.service(CoyoteAdapter.java:341) ~[tomcat-embed-core-10.1.8.jar:10.1.8]
	at org.apache.coyote.http11.Http11Processor.service(Http11Processor.java:390) ~[tomcat-embed-core-10.1.8.jar:10.1.8]
	at org.apache.coyote.AbstractProcessorLight.process(AbstractProcessorLight.java:63) ~[tomcat-embed-core-10.1.8.jar:10.1.8]
	at org.apache.coyote.AbstractProtocol$ConnectionHandler.process(AbstractProtocol.java:894) ~[tomcat-embed-core-10.1.8.jar:10.1.8]
	at org.apache.tomcat.util.net.NioEndpoint$SocketProcessor.doRun(NioEndpoint.java:1741) ~[tomcat-embed-core-10.1.8.jar:10.1.8]
	at org.apache.tomcat.util.net.SocketProcessorBase.run(SocketProcessorBase.java:52) ~[tomcat-embed-core-10.1.8.jar:10.1.8]
	at org.apache.tomcat.util.threads.ThreadPoolExecutor.runWorker(ThreadPoolExecutor.java:1191) ~[tomcat-embed-core-10.1.8.jar:10.1.8]
	at org.apache.tomcat.util.threads.ThreadPoolExecutor$Worker.run(ThreadPoolExecutor.java:659) ~[tomcat-embed-core-10.1.8.jar:10.1.8]
	at org.apache.tomcat.util.threads.TaskThread$WrappingRunnable.run(TaskThread.java:61) ~[tomcat-embed-core-10.1.8.jar:10.1.8]
	at java.lang.Thread.run(Thread.java:833) ~[?:?]
2023-10-02T12:24:08.281+0200 INFO Inizio chiamata al meotodo getRapportino
2023-10-02T12:24:29.392+0200 INFO Fine chiamata al meotodo getRapportino

2023-10-02T12:26:02.157+0200 INFO Inizio chiamata al meotodo getRapportino
2023-10-02T12:26:22.278+0200 INFO Fine chiamata al meotodo getRapportino

2023-10-02T12:26:34.464+0200 INFO Inizio chiamata al meotodo getRapportino
2023-10-02T12:30:11.266+0200 INFO Starting SincronoApplication using Java 17.0.7 with PID 7176 (C:\Users\SINCRONO\Documents\GitHub\Sincrono\target\classes started by SINCRONO in C:\Users\SINCRONO\Documents\GitHub\Sincrono)
2023-10-02T12:30:11.280+0200 INFO No active profile set, falling back to 1 default profile: "default"
2023-10-02T12:30:12.268+0200 INFO Bootstrapping Spring Data JPA repositories in DEFAULT mode.
2023-10-02T12:30:12.454+0200 INFO Finished Spring Data repository scanning in 172 ms. Found 13 JPA repository interfaces.
2023-10-02T12:30:13.202+0200 INFO Tomcat initialized with port(s): 8085 (http)
2023-10-02T12:30:13.216+0200 INFO Initializing ProtocolHandler ["http-nio-8085"]
2023-10-02T12:30:13.219+0200 INFO Starting service [Tomcat]
2023-10-02T12:30:13.221+0200 INFO Starting Servlet engine: [Apache Tomcat/10.1.8]
2023-10-02T12:30:13.347+0200 INFO Initializing Spring embedded WebApplicationContext
2023-10-02T12:30:13.348+0200 INFO Root WebApplicationContext: initialization completed in 1998 ms
2023-10-02T12:30:13.602+0200 INFO HHH000204: Processing PersistenceUnitInfo [name: default]
2023-10-02T12:30:13.682+0200 INFO HHH000412: Hibernate ORM core version 6.1.7.Final
2023-10-02T12:30:14.153+0200 INFO HikariPool-1 - Starting...
2023-10-02T12:30:14.583+0200 INFO HikariPool-1 - Added connection com.mysql.cj.jdbc.ConnectionImpl@774c5e5c
2023-10-02T12:30:14.586+0200 INFO HikariPool-1 - Start completed.
2023-10-02T12:30:14.676+0200 INFO HHH000400: Using dialect: org.hibernate.dialect.MySQLDialect
2023-10-02T12:30:16.499+0200 INFO HHH000490: Using JtaPlatform implementation: [org.hibernate.engine.transaction.jta.platform.internal.NoJtaPlatform]
2023-10-02T12:30:16.515+0200 INFO Initialized JPA EntityManagerFactory for persistence unit 'default'
2023-10-02T12:30:18.240+0200 WARN spring.jpa.open-in-view is enabled by default. Therefore, database queries may be performed during view rendering. Explicitly configure spring.jpa.open-in-view to disable this warning
2023-10-02T12:30:18.742+0200 INFO Starting ProtocolHandler ["http-nio-8085"]
2023-10-02T12:30:18.780+0200 INFO Tomcat started on port(s): 8085 (http) with context path ''
2023-10-02T12:30:18.798+0200 INFO Started SincronoApplication in 8.143 seconds (process running for 10.07)
2023-10-02T12:30:25.240+0200 INFO Initializing Spring DispatcherServlet 'dispatcherServlet'
2023-10-02T12:30:25.240+0200 INFO Initializing Servlet 'dispatcherServlet'
2023-10-02T12:30:25.243+0200 INFO Completed initialization in 3 ms
2023-10-02T12:30:28.846+0200 INFO Inizio chiamata al meotodo getRapportino
2023-10-02T12:30:44.173+0200 INFO Fine chiamata al meotodo getRapportino

2023-10-02T12:35:03.924+0200 INFO Inizio chiamata al meotodo getRapportino
2023-10-02T12:35:10.955+0200 INFO Fine chiamata al meotodo getRapportino

2023-10-02T12:35:29.325+0200 INFO Starting SincronoApplication using Java 17.0.7 with PID 12416 (C:\Users\SINCRONO\Documents\GitHub\Sincrono\target\classes started by SINCRONO in C:\Users\SINCRONO\Documents\GitHub\Sincrono)
2023-10-02T12:35:29.339+0200 INFO No active profile set, falling back to 1 default profile: "default"
2023-10-02T12:35:30.361+0200 INFO Bootstrapping Spring Data JPA repositories in DEFAULT mode.
2023-10-02T12:35:30.561+0200 INFO Finished Spring Data repository scanning in 187 ms. Found 13 JPA repository interfaces.
2023-10-02T12:35:31.310+0200 INFO Tomcat initialized with port(s): 8085 (http)
2023-10-02T12:35:31.326+0200 INFO Initializing ProtocolHandler ["http-nio-8085"]
2023-10-02T12:35:31.329+0200 INFO Starting service [Tomcat]
2023-10-02T12:35:31.330+0200 INFO Starting Servlet engine: [Apache Tomcat/10.1.8]
2023-10-02T12:35:31.451+0200 INFO Initializing Spring embedded WebApplicationContext
2023-10-02T12:35:31.452+0200 INFO Root WebApplicationContext: initialization completed in 2036 ms
2023-10-02T12:35:31.729+0200 INFO HHH000204: Processing PersistenceUnitInfo [name: default]
2023-10-02T12:35:31.811+0200 INFO HHH000412: Hibernate ORM core version 6.1.7.Final
2023-10-02T12:35:32.254+0200 INFO HikariPool-1 - Starting...
2023-10-02T12:35:32.711+0200 INFO HikariPool-1 - Added connection com.mysql.cj.jdbc.ConnectionImpl@2095c331
2023-10-02T12:35:32.715+0200 INFO HikariPool-1 - Start completed.
2023-10-02T12:35:32.822+0200 INFO HHH000400: Using dialect: org.hibernate.dialect.MySQLDialect
2023-10-02T12:35:34.675+0200 INFO HHH000490: Using JtaPlatform implementation: [org.hibernate.engine.transaction.jta.platform.internal.NoJtaPlatform]
2023-10-02T12:35:34.689+0200 INFO Initialized JPA EntityManagerFactory for persistence unit 'default'
2023-10-02T12:35:36.608+0200 WARN spring.jpa.open-in-view is enabled by default. Therefore, database queries may be performed during view rendering. Explicitly configure spring.jpa.open-in-view to disable this warning
2023-10-02T12:35:37.109+0200 INFO Starting ProtocolHandler ["http-nio-8085"]
2023-10-02T12:35:37.179+0200 INFO Tomcat started on port(s): 8085 (http) with context path ''
2023-10-02T12:35:37.203+0200 INFO Started SincronoApplication in 8.636 seconds (process running for 10.442)
2023-10-02T12:35:38.944+0200 INFO Initializing Spring DispatcherServlet 'dispatcherServlet'
2023-10-02T12:35:38.945+0200 INFO Initializing Servlet 'dispatcherServlet'
2023-10-02T12:35:38.947+0200 INFO Completed initialization in 2 ms
2023-10-02T12:35:42.614+0200 INFO Inizio chiamata al meotodo getRapportino
2023-10-02T12:35:49.568+0200 INFO Fine chiamata al meotodo getRapportino

2023-10-02T12:36:25.146+0200 INFO Inizio chiamata al meotodo getRapportino
2023-10-02T12:36:26.499+0200 INFO Fine chiamata al meotodo getRapportino

